Logging Directory: ./logs/logging
Logging Directory: ./logs/logging
Logging Directory: ./logs/logging
╒══════════════════╤═══════════════╕
│ Hyperparameter   │ Value         │
╞══════════════════╪═══════════════╡
│ Learning Rate    │ 0.01          │
├──────────────────┼───────────────┤
│ Num Classes      │ 5             │
├──────────────────┼───────────────┤
│ Device           │ cuda          │
├──────────────────┼───────────────┤
│ Batch Size       │ 64            │
├──────────────────┼───────────────┤
│ POLY_LR          │ True          │
├──────────────────┼───────────────┤
│ Num Epochs       │ 20            │
├──────────────────┼───────────────┤
│ Num Workers      │ 4             │
├──────────────────┼───────────────┤
│ Image Height     │ 224           │
├──────────────────┼───────────────┤
│ Image Width      │ 224           │
├──────────────────┼───────────────┤
│ Pin Memory       │ True          │
├──────────────────┼───────────────┤
│ Load Model       │ True          │
├──────────────────┼───────────────┤
│ Save Model       │ True          │
├──────────────────┼───────────────┤
│ Download Dataset │ False         │
├──────────────────┼───────────────┤
│ Model Name       │ DINOV2        │
├──────────────────┼───────────────┤
│ Seed             │ 42            │
├──────────────────┼───────────────┤
│ Task Name        │ MIT-67        │
├──────────────────┼───────────────┤
│ GPU              │ Tesla T4      │
├──────────────────┼───────────────┤
│ Torch            │ 2.6.0+cu124   │
├──────────────────┼───────────────┤
│ Torchvision      │ 0.21.0+cu124  │
├──────────────────┼───────────────┤
│ Checkpoint Name  │ DINOV2_MIT-67 │
╘══════════════════╧═══════════════╛
